[12:11:41] [Calculator/INFO]: ========Loading Сalculator========
[12:11:41] [Parser/INFO]: Parsing input data
[12:11:41] [Calculator/INFO]: Calculating: 
[12:11:41] [Calculator/INFO]: Define a 97
[12:11:41] [Calculator/INFO]: Define b 98
[12:11:41] [Calculator/INFO]: Define c 99
[12:11:41] [Calculator/INFO]: Define d 100
[12:11:41] [Calculator/INFO]: Define e 101
[12:11:41] [Calculator/INFO]: Define f 102
[12:11:41] [Calculator/INFO]: Define g 103
[12:11:41] [Calculator/INFO]: Define h 104
[12:11:41] [Calculator/INFO]: Define i 105
[12:11:41] [Calculator/INFO]: Define j 106
[12:11:41] [Calculator/INFO]: Define k 107
[12:11:41] [Calculator/INFO]: Define l 108
[12:11:41] [Calculator/INFO]: Define m 109
[12:11:41] [Calculator/INFO]: Define n 110
[12:11:41] [Calculator/INFO]: Define o 111
[12:11:41] [Calculator/INFO]: Define p 112
[12:11:41] [Calculator/INFO]: Define q 113
[12:11:41] [Calculator/INFO]: Define r 114
[12:11:41] [Calculator/INFO]: Define s 115
[12:11:41] [Calculator/INFO]: Define t 116
[12:11:41] [Calculator/INFO]: Define u 117
[12:11:41] [Calculator/INFO]: Define v 118
[12:11:41] [Calculator/INFO]: Define w 119
[12:11:41] [Calculator/INFO]: Define x 120
[12:11:41] [Calculator/INFO]: Define y 121
[12:11:41] [Calculator/INFO]: Define z 122
[12:11:41] [Calculator/INFO]: Push z
[12:11:41] [Calculator/INFO]: Push d
[12:11:41] [Calculator/INFO]: Divide 
[12:11:41] [Calculator/INFO]: Print 
[12:11:41] [Calculator/INFO]: Pop 
[12:11:41] [Calculator/INFO]: ========Loading Сalculator========
[12:11:41] [Parser/INFO]: Parsing input data
[12:11:41] [Calculator/INFO]: Calculating: 
[12:11:41] [Calculator/INFO]: Define a 97
[12:11:41] [Calculator/INFO]: Define b 98
[12:11:41] [Calculator/INFO]: Define c 99
[12:11:41] [Calculator/INFO]: Define d 100
[12:11:41] [Calculator/INFO]: Define e 101
[12:11:41] [Calculator/INFO]: Define f 102
[12:11:41] [Calculator/INFO]: Define g 103
[12:11:41] [Calculator/INFO]: Define h 104
[12:11:41] [Calculator/INFO]: Define i 105
[12:11:41] [Calculator/INFO]: Define j 106
[12:11:41] [Calculator/INFO]: Define k 107
[12:11:41] [Calculator/INFO]: Define l 108
[12:11:41] [Calculator/INFO]: Define m 109
[12:11:41] [Calculator/INFO]: Define n 110
[12:11:41] [Calculator/INFO]: Define o 111
[12:11:41] [Calculator/INFO]: Define p 112
[12:11:41] [Calculator/INFO]: Define q 113
[12:11:41] [Calculator/INFO]: Define r 114
[12:11:41] [Calculator/INFO]: Define s 115
[12:11:41] [Calculator/INFO]: Define t 116
[12:11:41] [Calculator/INFO]: Define u 117
[12:11:41] [Calculator/INFO]: Define v 118
[12:11:41] [Calculator/INFO]: Define w 119
[12:11:41] [Calculator/INFO]: Define x 120
[12:11:41] [Calculator/INFO]: Define y 121
[12:11:41] [Calculator/INFO]: Define z 122
[12:11:41] [Calculator/INFO]: Push a
[12:11:41] [Calculator/INFO]: Push h
[12:11:41] [Calculator/INFO]: Minus 
[12:11:41] [Calculator/INFO]: Print 
[12:11:41] [Calculator/INFO]: Pop 
[12:11:41] [Calculator/INFO]: ========Loading Сalculator========
[12:11:41] [Parser/INFO]: Parsing input data
[12:11:41] [Calculator/INFO]: Calculating: 
[12:11:41] [Calculator/INFO]: Define a 97
[12:11:41] [Calculator/INFO]: Define b 98
[12:11:41] [Calculator/INFO]: Define c 99
[12:11:41] [Calculator/INFO]: Define d 100
[12:11:41] [Calculator/INFO]: Define e 101
[12:11:41] [Calculator/INFO]: Define f 102
[12:11:41] [Calculator/INFO]: Define g 103
[12:11:41] [Calculator/INFO]: Define h 104
[12:11:41] [Calculator/INFO]: Define i 105
[12:11:41] [Calculator/INFO]: Define j 106
[12:11:41] [Calculator/INFO]: Define k 107
[12:11:41] [Calculator/INFO]: Define l 108
[12:11:41] [Calculator/INFO]: Define m 109
[12:11:41] [Calculator/INFO]: Define n 110
[12:11:41] [Calculator/INFO]: Define o 111
[12:11:41] [Calculator/INFO]: Define p 112
[12:11:41] [Calculator/INFO]: Define q 113
[12:11:41] [Calculator/INFO]: Define r 114
[12:11:41] [Calculator/INFO]: Define s 115
[12:11:41] [Calculator/INFO]: Define t 116
[12:11:41] [Calculator/INFO]: Define u 117
[12:11:41] [Calculator/INFO]: Define v 118
[12:11:41] [Calculator/INFO]: Define w 119
[12:11:41] [Calculator/INFO]: Define x 120
[12:11:41] [Calculator/INFO]: Define y 121
[12:11:41] [Calculator/INFO]: Define z 122
[12:11:41] [Calculator/INFO]: Push k
[12:11:41] [Calculator/INFO]: Push m
[12:11:41] [Calculator/INFO]: Multiply 
[12:11:41] [Calculator/INFO]: Print 
[12:11:41] [Calculator/INFO]: Pop 
[12:11:41] [Calculator/INFO]: ========Loading Сalculator========
[12:11:41] [Parser/INFO]: Parsing input data
[12:11:41] [Calculator/INFO]: Calculating: 
[12:11:41] [Calculator/INFO]: Define a 97
[12:11:41] [Calculator/INFO]: Define b 98
[12:11:41] [Calculator/INFO]: Define c 99
[12:11:41] [Calculator/INFO]: Define d 100
[12:11:41] [Calculator/INFO]: Define e 101
[12:11:41] [Calculator/INFO]: Define f 102
[12:11:41] [Calculator/INFO]: Define g 103
[12:11:41] [Calculator/INFO]: Define h 104
[12:11:41] [Calculator/INFO]: Define i 105
[12:11:41] [Calculator/INFO]: Define j 106
[12:11:41] [Calculator/INFO]: Define k 107
[12:11:41] [Calculator/INFO]: Define l 108
[12:11:41] [Calculator/INFO]: Define m 109
[12:11:41] [Calculator/INFO]: Define n 110
[12:11:41] [Calculator/INFO]: Define o 111
[12:11:41] [Calculator/INFO]: Define p 112
[12:11:41] [Calculator/INFO]: Define q 113
[12:11:41] [Calculator/INFO]: Define r 114
[12:11:41] [Calculator/INFO]: Define s 115
[12:11:41] [Calculator/INFO]: Define t 116
[12:11:41] [Calculator/INFO]: Define u 117
[12:11:41] [Calculator/INFO]: Define v 118
[12:11:41] [Calculator/INFO]: Define w 119
[12:11:41] [Calculator/INFO]: Define x 120
[12:11:41] [Calculator/INFO]: Define y 121
[12:11:41] [Calculator/INFO]: Define z 122
[12:11:41] [Calculator/INFO]: Push k
[12:11:41] [Calculator/INFO]: Push m
[12:11:41] [Calculator/INFO]: Plus 
[12:11:41] [Calculator/INFO]: Print 
[12:11:41] [Calculator/INFO]: Pop 
[12:11:41] [Calculator/INFO]: ========Loading Сalculator========
[12:11:41] [Parser/INFO]: Parsing input data
[12:11:41] [Calculator/INFO]: Calculating: 
[12:11:41] [Calculator/INFO]: Define a 97
[12:11:41] [Calculator/INFO]: Define b 98
[12:11:41] [Calculator/INFO]: Define c 99
[12:11:41] [Calculator/INFO]: Define d 100
[12:11:41] [Calculator/INFO]: Define e 101
[12:11:41] [Calculator/INFO]: Define f 102
[12:11:41] [Calculator/INFO]: Define g 103
[12:11:41] [Calculator/INFO]: Define h 104
[12:11:41] [Calculator/INFO]: Define i 105
[12:11:41] [Calculator/INFO]: Define j 106
[12:11:41] [Calculator/INFO]: Define k 107
[12:11:41] [Calculator/INFO]: Define l 108
[12:11:41] [Calculator/INFO]: Define m 109
[12:11:41] [Calculator/INFO]: Define n 110
[12:11:41] [Calculator/INFO]: Define o 111
[12:11:41] [Calculator/INFO]: Define p 112
[12:11:41] [Calculator/INFO]: Define q 113
[12:11:41] [Calculator/INFO]: Define r 114
[12:11:41] [Calculator/INFO]: Define s 115
[12:11:41] [Calculator/INFO]: Define t 116
[12:11:41] [Calculator/INFO]: Define u 117
[12:11:41] [Calculator/INFO]: Define v 118
[12:11:41] [Calculator/INFO]: Define w 119
[12:11:41] [Calculator/INFO]: Define x 120
[12:11:41] [Calculator/INFO]: Define y 121
[12:11:41] [Calculator/INFO]: Define z 122
[12:11:41] [Calculator/INFO]: Push h
[12:11:41] [Calculator/INFO]: Sqrt 
[12:11:41] [Calculator/INFO]: Print 
[12:11:41] [Calculator/INFO]: Pop 
[12:11:41] [Calculator/INFO]: ========Loading Сalculator========
[12:11:41] [Parser/INFO]: Parsing input data
[12:11:41] [Calculator/INFO]: Calculating: 
[12:11:41] [Calculator/INFO]: Define a 97
[12:11:41] [Calculator/INFO]: Define b 98
[12:11:41] [Calculator/INFO]: Define c 99
[12:11:41] [Calculator/INFO]: Define d 100
[12:11:41] [Calculator/INFO]: Define e 101
[12:11:41] [Calculator/INFO]: Define f 102
[12:11:41] [Calculator/INFO]: Define g 103
[12:11:41] [Calculator/INFO]: Define h 104
[12:11:41] [Calculator/INFO]: Define i 105
[12:11:41] [Calculator/INFO]: Define j 106
[12:11:41] [Calculator/INFO]: Define k 107
[12:11:41] [Calculator/INFO]: Define l 108
[12:11:41] [Calculator/INFO]: Define m 109
[12:11:41] [Calculator/INFO]: Define n 110
[12:11:41] [Calculator/INFO]: Define o 111
[12:11:41] [Calculator/INFO]: Define p 112
[12:11:41] [Calculator/INFO]: Define q 113
[12:11:41] [Calculator/INFO]: Define r 114
[12:11:41] [Calculator/INFO]: Define s 115
[12:11:41] [Calculator/INFO]: Define t 116
[12:11:41] [Calculator/INFO]: Define u 117
[12:11:41] [Calculator/INFO]: Define v 118
[12:11:41] [Calculator/INFO]: Define w 119
[12:11:41] [Calculator/INFO]: Define x 120
[12:11:41] [Calculator/INFO]: Define y 121
[12:11:41] [Calculator/INFO]: Define z 122
[12:11:41] [Calculator/INFO]: Define A 0
[12:11:41] [Calculator/INFO]: Push a
[12:11:41] [Calculator/INFO]: Push A
[12:11:41] [Calculator/INFO]: Divide 
[12:11:41] [Calculator/ERROR]: division by zero
[12:11:41] [Calculator/INFO]: ========Loading Сalculator========
[12:11:41] [Parser/INFO]: Parsing input data
[12:11:41] [Calculator/INFO]: Calculating: 
[12:11:41] [Calculator/INFO]: Define a 97
[12:11:41] [Calculator/INFO]: Define b 98
[12:11:41] [Calculator/INFO]: Define c 99
[12:11:41] [Calculator/INFO]: Define d 100
[12:11:41] [Calculator/INFO]: Define e 101
[12:11:41] [Calculator/INFO]: Define f 102
[12:11:41] [Calculator/INFO]: Define g 103
[12:11:41] [Calculator/INFO]: Define h 104
[12:11:41] [Calculator/INFO]: Define i 105
[12:11:41] [Calculator/INFO]: Define j 106
[12:11:41] [Calculator/INFO]: Define k 107
[12:11:41] [Calculator/INFO]: Define l 108
[12:11:41] [Calculator/INFO]: Define m 109
[12:11:41] [Calculator/INFO]: Define n 110
[12:11:41] [Calculator/INFO]: Define o 111
[12:11:41] [Calculator/INFO]: Define p 112
[12:11:41] [Calculator/INFO]: Define q 113
[12:11:41] [Calculator/INFO]: Define r 114
[12:11:41] [Calculator/INFO]: Define s 115
[12:11:41] [Calculator/INFO]: Define t 116
[12:11:41] [Calculator/INFO]: Define u 117
[12:11:41] [Calculator/INFO]: Define v 118
[12:11:41] [Calculator/INFO]: Define w 119
[12:11:41] [Calculator/INFO]: Define x 120
[12:11:41] [Calculator/INFO]: Define y 121
[12:11:41] [Calculator/INFO]: Define z 122
[12:11:41] [Calculator/INFO]: Multiply 
[12:11:41] [Calculator/ERROR]: size of stack < 2, operation "*" can't be executed
[12:11:41] [Calculator/INFO]: ========Loading Сalculator========
[12:11:41] [Parser/INFO]: Parsing input data
[12:11:41] [Calculator/ERROR]: invalid command - define
[12:11:41] [Calculator/INFO]: ========Loading Сalculator========
[12:11:41] [Parser/INFO]: Parsing input data
[12:11:41] [Calculator/INFO]: Calculating: 
[12:11:41] [Calculator/INFO]: Define a 97
[12:11:41] [Calculator/INFO]: Define b 98
[12:11:41] [Calculator/INFO]: Define c 99
[12:11:41] [Calculator/INFO]: Define d 100
[12:11:41] [Calculator/INFO]: Define e 101
[12:11:41] [Calculator/INFO]: Define f 102
[12:11:41] [Calculator/INFO]: Define g 103
[12:11:41] [Calculator/INFO]: Define h 104
[12:11:41] [Calculator/INFO]: Define i 105
[12:11:41] [Calculator/INFO]: Define j 106
[12:11:41] [Calculator/INFO]: Define k 107
[12:11:41] [Calculator/INFO]: Define l 108
[12:11:41] [Calculator/INFO]: Define m 109
[12:11:41] [Calculator/INFO]: Define n 110
[12:11:41] [Calculator/INFO]: Define o 111
[12:11:41] [Calculator/INFO]: Define p 112
[12:11:41] [Calculator/INFO]: Define q 113
[12:11:41] [Calculator/INFO]: Define r 114
[12:11:41] [Calculator/INFO]: Define s 115
[12:11:41] [Calculator/INFO]: Define t 116
[12:11:41] [Calculator/INFO]: Define u 117
[12:11:41] [Calculator/INFO]: Define v 118
[12:11:41] [Calculator/INFO]: Define w 119
[12:11:41] [Calculator/INFO]: Define x 120
[12:11:41] [Calculator/INFO]: Define y 121
[12:11:41] [Calculator/INFO]: Define z 122
[12:11:41] [Calculator/INFO]: Define var k
[12:11:41] [Calculator/ERROR]: variable in operation "DEFINE" must be a number
[12:11:41] [Calculator/INFO]: ========Loading Сalculator========
[12:11:41] [Parser/INFO]: Parsing input data
[12:11:41] [Calculator/INFO]: Calculating: 
[12:11:41] [Calculator/INFO]: Define a 97
[12:11:41] [Calculator/INFO]: Define b 98
[12:11:41] [Calculator/INFO]: Define c 99
[12:11:41] [Calculator/INFO]: Define d 100
[12:11:41] [Calculator/INFO]: Define e 101
[12:11:41] [Calculator/INFO]: Define f 102
[12:11:41] [Calculator/INFO]: Define g 103
[12:11:41] [Calculator/INFO]: Define h 104
[12:11:41] [Calculator/INFO]: Define i 105
[12:11:41] [Calculator/INFO]: Define j 106
[12:11:41] [Calculator/INFO]: Define k 107
[12:11:41] [Calculator/INFO]: Define l 108
[12:11:41] [Calculator/INFO]: Define m 109
[12:11:41] [Calculator/INFO]: Define n 110
[12:11:41] [Calculator/INFO]: Define o 111
[12:11:41] [Calculator/INFO]: Define p 112
[12:11:41] [Calculator/INFO]: Define q 113
[12:11:41] [Calculator/INFO]: Define r 114
[12:11:41] [Calculator/INFO]: Define s 115
[12:11:41] [Calculator/INFO]: Define t 116
[12:11:41] [Calculator/INFO]: Define u 117
[12:11:41] [Calculator/INFO]: Define v 118
[12:11:41] [Calculator/INFO]: Define w 119
[12:11:41] [Calculator/INFO]: Define x 120
[12:11:41] [Calculator/INFO]: Define y 121
[12:11:41] [Calculator/INFO]: Define z 122
[12:11:41] [Calculator/INFO]: Define A
[12:11:41] [Calculator/ERROR]: operation "DEFINE" must have 2 arguments
[12:11:41] [Calculator/INFO]: ========Loading Сalculator========
[12:11:41] [Parser/INFO]: Parsing input data
[12:11:41] [Calculator/INFO]: Calculating: 
[12:11:41] [Calculator/INFO]: Define a 97
[12:11:41] [Calculator/INFO]: Define b 98
[12:11:41] [Calculator/INFO]: Define c 99
[12:11:41] [Calculator/INFO]: Define d 100
[12:11:41] [Calculator/INFO]: Define e 101
[12:11:41] [Calculator/INFO]: Define f 102
[12:11:41] [Calculator/INFO]: Define g 103
[12:11:41] [Calculator/INFO]: Define h 104
[12:11:41] [Calculator/INFO]: Define i 105
[12:11:41] [Calculator/INFO]: Define j 106
[12:11:41] [Calculator/INFO]: Define k 107
[12:11:41] [Calculator/INFO]: Define l 108
[12:11:41] [Calculator/INFO]: Define m 109
[12:11:41] [Calculator/INFO]: Define n 110
[12:11:41] [Calculator/INFO]: Define o 111
[12:11:41] [Calculator/INFO]: Define p 112
[12:11:41] [Calculator/INFO]: Define q 113
[12:11:41] [Calculator/INFO]: Define r 114
[12:11:41] [Calculator/INFO]: Define s 115
[12:11:41] [Calculator/INFO]: Define t 116
[12:11:41] [Calculator/INFO]: Define u 117
[12:11:41] [Calculator/INFO]: Define v 118
[12:11:41] [Calculator/INFO]: Define w 119
[12:11:41] [Calculator/INFO]: Define x 120
[12:11:41] [Calculator/INFO]: Define y 121
[12:11:41] [Calculator/INFO]: Define z 122
[12:11:41] [Calculator/INFO]: Push 
[12:11:41] [Calculator/ERROR]: operation "PUSH" must have an argument
[12:11:41] [Calculator/INFO]: ========Loading Сalculator========
[12:11:41] [Parser/INFO]: Parsing input data
[12:11:41] [Calculator/INFO]: Calculating: 
[12:11:41] [Calculator/INFO]: Define a 97
[12:11:41] [Calculator/INFO]: Define b 98
[12:11:41] [Calculator/INFO]: Define c 99
[12:11:41] [Calculator/INFO]: Define d 100
[12:11:41] [Calculator/INFO]: Define e 101
[12:11:41] [Calculator/INFO]: Define f 102
[12:11:41] [Calculator/INFO]: Define g 103
[12:11:41] [Calculator/INFO]: Define h 104
[12:11:41] [Calculator/INFO]: Define i 105
[12:11:41] [Calculator/INFO]: Define j 106
[12:11:41] [Calculator/INFO]: Define k 107
[12:11:41] [Calculator/INFO]: Define l 108
[12:11:41] [Calculator/INFO]: Define m 109
[12:11:41] [Calculator/INFO]: Define n 110
[12:11:41] [Calculator/INFO]: Define o 111
[12:11:41] [Calculator/INFO]: Define p 112
[12:11:41] [Calculator/INFO]: Define q 113
[12:11:41] [Calculator/INFO]: Define r 114
[12:11:41] [Calculator/INFO]: Define s 115
[12:11:41] [Calculator/INFO]: Define t 116
[12:11:41] [Calculator/INFO]: Define u 117
[12:11:41] [Calculator/INFO]: Define v 118
[12:11:41] [Calculator/INFO]: Define w 119
[12:11:41] [Calculator/INFO]: Define x 120
[12:11:41] [Calculator/INFO]: Define y 121
[12:11:41] [Calculator/INFO]: Define z 122
[12:11:41] [Calculator/INFO]: Push a
[12:11:41] [Calculator/INFO]: Plus 
[12:11:41] [Calculator/ERROR]: size of stack < 2, operation "+" can't be executed
[12:11:41] [Calculator/INFO]: ========Loading Сalculator========
[12:11:41] [Parser/INFO]: Parsing input data
[12:11:41] [Calculator/ERROR]: input is empty
[12:11:41] [Calculator/INFO]: ========Loading Сalculator========
[12:11:41] [Parser/INFO]: Parsing input data
[12:11:41] [Calculator/INFO]: Calculating: 
[12:11:41] [Calculator/INFO]: Define a 97
[12:11:41] [Calculator/INFO]: Define b 98
[12:11:41] [Calculator/INFO]: Define c 99
[12:11:41] [Calculator/INFO]: Define d 100
[12:11:41] [Calculator/INFO]: Define e 101
[12:11:41] [Calculator/INFO]: Define f 102
[12:11:41] [Calculator/INFO]: Define g 103
[12:11:41] [Calculator/INFO]: Define h 104
[12:11:41] [Calculator/INFO]: Define i 105
[12:11:41] [Calculator/INFO]: Define j 106
[12:11:41] [Calculator/INFO]: Define k 107
[12:11:41] [Calculator/INFO]: Define l 108
[12:11:41] [Calculator/INFO]: Define m 109
[12:11:41] [Calculator/INFO]: Define n 110
[12:11:41] [Calculator/INFO]: Define o 111
[12:11:41] [Calculator/INFO]: Define p 112
[12:11:41] [Calculator/INFO]: Define q 113
[12:11:41] [Calculator/INFO]: Define r 114
[12:11:41] [Calculator/INFO]: Define s 115
[12:11:41] [Calculator/INFO]: Define t 116
[12:11:41] [Calculator/INFO]: Define u 117
[12:11:41] [Calculator/INFO]: Define v 118
[12:11:41] [Calculator/INFO]: Define w 119
[12:11:41] [Calculator/INFO]: Define x 120
[12:11:41] [Calculator/INFO]: Define y 121
[12:11:41] [Calculator/INFO]: Define z 122
[12:11:41] [Calculator/INFO]: Push pp
[12:11:41] [Calculator/ERROR]: Definition of "pp" is missed
[12:11:41] [Calculator/INFO]: ========Loading Сalculator========
[12:11:41] [Parser/INFO]: Parsing input data
[12:11:41] [Calculator/INFO]: Calculating: 
[12:11:41] [Calculator/INFO]: Define A 3.4
[12:11:41] [Calculator/INFO]: Push A
[12:11:41] [Calculator/INFO]: Sqrt 
[12:11:41] [Calculator/INFO]: Print 
[12:11:41] [Calculator/INFO]: Pop 
[12:11:41] [Calculator/INFO]: ========Loading Сalculator========
[12:11:41] [Parser/INFO]: Parsing input data
[12:11:41] [Calculator/INFO]: Calculating: 
[12:11:41] [Calculator/INFO]: Define some_num 34.6
[12:11:41] [Calculator/INFO]: Push some_num
[12:11:41] [Calculator/INFO]: Push 30.4
[12:11:41] [Calculator/INFO]: Minus 
[12:11:41] [Calculator/INFO]: Print 
[12:11:41] [Calculator/INFO]: ========Loading Сalculator========
[12:11:41] [Parser/INFO]: Parsing input data
[12:11:41] [Calculator/INFO]: Calculating: 
[12:11:41] [Calculator/INFO]: Define Abc 3.4
[12:11:41] [Calculator/INFO]: Push Abc
[12:11:41] [Calculator/INFO]: Sqrt 
[12:11:41] [Calculator/INFO]: Print 
[12:11:41] [Calculator/INFO]: Pop 
